L:\Games\PSP\_7Z\EUR\Adventures to Go (Europe) (En,Fr,De) [].txt
L:\Games\PSP\_7Z\EUR\Buzz Brain Bender (Europe) (En,Fr,De,Es,It,Nl,Pt,Pl) [].txt
L:\Games\PSP\_7Z\EUR\Buzz Brain of the UK (UK) [].txt
L:\Games\PSP\_7Z\EUR\Buzz Concurso Universal (Europe) (Es,Pt) [].txt
L:\Games\PSP\_7Z\EUR\Buzz Danske Genier (Europe) (No,Da) [].txt
L:\Games\PSP\_7Z\EUR\Buzz Das grosse Laenderquiz (Europe) (De,It) [].txt
L:\Games\PSP\_7Z\EUR\Buzz De Strafste van Belgie (Belgium) (Fr,Nl) [].txt
L:\Games\PSP\_7Z\EUR\Buzz Master Quiz (Europe) (De,It) [].txt
L:\Games\PSP\_7Z\EUR\Buzz Master Quiz (Europe) (En,Pl) [].txt
L:\Games\PSP\_7Z\EUR\Buzz Master Quiz (Europe) (Es,Pt) [].txt
L:\Games\PSP\_7Z\EUR\Buzz Master Quiz (Europe) (Fr,Nl) [].txt
L:\Games\PSP\_7Z\EUR\Buzz Master Quiz (Europe) (Sv,Fi) [].txt
L:\Games\PSP\_7Z\EUR\Buzz Master Quiz (Europe) [].txt
L:\Games\PSP\_7Z\EUR\Buzz Mozak Hrvatske (Europe) (Pl,Hr) [].txt
L:\Games\PSP\_7Z\EUR\Buzz Quiz World (Europe) (De,It) [].txt
L:\Games\PSP\_7Z\EUR\Buzz Quiz World (Europe) (El,Cs) [].txt
L:\Games\PSP\_7Z\EUR\Buzz Quiz World (Europe) (En,Pl) [].txt
L:\Games\PSP\_7Z\EUR\Buzz Quiz World (Europe) (Fr,Nl) [].txt
L:\Games\PSP\_7Z\EUR\Buzz Quiz World (Europe) (Sv,Fi) [].txt
L:\Games\PSP\_7Z\EUR\Buzz Sokrovishha nacii (Europe) (Pt,Ru) [].txt
L:\Games\PSP\_7Z\EUR\Buzz Suomen Neropatti (Europe) (Sv,Fi) [].txt
L:\Games\PSP\_7Z\EUR\Buzz The Ultimate Music Quiz (Europe) (De,It) [].txt
L:\Games\PSP\_7Z\EUR\Buzz The Ultimate Music Quiz (Europe) (Es,Pt) [].txt
L:\Games\PSP\_7Z\EUR\Buzz The Ultimate Music Quiz (Europe) (Fr,Nl) [].txt
L:\Games\PSP\_7Z\EUR\Buzz The Ultimate Music Quiz (Europe) (Sv,Fi) [].txt
L:\Games\PSP\_7Z\EUR\Buzz The Ultimate Music Quiz (Europe) [].txt
L:\Games\PSP\_7Z\EUR\DreamWorks Over the Hedge - Hammy Goes Nuts (Europe) (En,Fr,De,It,Nl) [].txt
L:\Games\PSP\_7Z\EUR\DreamWorks Over the Hedge - Hammy Goes Nuts (Europe) [].txt
L:\Games\PSP\_7Z\EUR\Family Guy - Video Game (Europe) (En,Fr,De,Es,It) [].txt
L:\Games\PSP\_7Z\EUR\Gitaroo Man Lives (Europe) (En,Fr,De) [].txt
L:\Games\PSP\_7Z\EUR\Go Sudoku (Europe) (En,Fr,De,Es,It) [].txt
L:\Games\PSP\_7Z\EUR\GoExplore (Belgium, Netherlands) (En,Fr,De,Es,It,Nl,Pt,Sv,No,Da,Fi) [].txt
L:\Games\PSP\_7Z\EUR\GoExplore (UK) (En,Fr,De,Es,It,Nl,Pt,Sv,No,Da,Fi) [].txt
L:\Games\PSP\_7Z\EUR\Metal Gear Acd 2 (Europe) (En,Fr,De,Es,It) [].txt
L:\Games\PSP\_7Z\EUR\Scooby-Doo Who's Watching Who (Europe) (Es,It) [].txt
L:\Games\PSP\_7Z\EUR\Scooby-Doo Who's Watching Who (Europe) [].txt
L:\Games\PSP\_7Z\EUR\Sid Meier's Pirates (Europe) (En,Fr,De,Es,It) [].txt
L:\Games\PSP\_7Z\EUR\Super Collapse 3 (Europe) (En,Fr,De,Es,It) [].txt
L:\Games\PSP\_7Z\EUR\TNA Impact Cross the Line (Europe) (En,Fr,De,Es,It) [].txt
L:\Games\PSP\_7Z\EUR\Blood Bowl (Europe) (En,Fr,De,Es,It) [ULES-01230]_info.txt
L:\Games\PSP\_7Z\EUR\Cube (Europe) (En,Fr,De,Es,It) [ULES-00722]_info.txt
L:\Games\PSP\_7Z\EUR\Gods Eater Burst (Europe) [ULES-01519]_info.txt
L:\Games\PSP\_7Z\EUR\King of Clubs (Europe) (En,Fr,De,Es,It,Nl) [ULES-00914]_info.txt
L:\Games\PSP\_7Z\EUR\Mystery Team, The (Europe) (En,Fr,De,Es,It,Nl,Pt) [UCES-01536]_info.txt
L:\Games\PSP\_7Z\EUR\What Did I Do to Deserve This, My Lord 2 (Europe) (En,Fr) [].txt
L:\Games\PSP\_7Z\EUR\Yu-Gi-Oh 5D's - Tag Force 4 (Europe) (En,Fr,De,Es,It) [].txt
L:\Games\PSP\_7Z\EUR\Yu-Gi-Oh 5D's - Tag Force 5 (Europe) (En,Fr,De,Es,It) [].txt
L:\Games\PSP\_7Z\EUR\Yu-Gi-Oh GX - Tag Force (Europe) (En,Fr,De,Es,It) [].txt
L:\Games\PSP\_7Z\EUR\Yu-Gi-Oh GX - Tag Force 2 (Europe) (En,Fr,De,Es,It) (v2.00) [].txt
L:\Games\PSP\_7Z\EUR\Yu-Gi-Oh GX - Tag Force 2 (Europe) (En,Fr,De,Es,It) [].txt
L:\Games\PSP\_7Z\EUR\Yu-Gi-Oh GX - Tag Force 3 (Europe) (En,Fr,De,Es,It) [].txt
